<?xml version="1.0" encoding="UTF-8"?>
<!-- Generated by org.testng.reporters.JUnitReportReporter -->
<testsuite skipped="0" hostname="DESKTOP-3SL4LUB" name="testcases.LoginTest" tests="1" failures="0" timestamp="14 Jul 2018 06:22:07 GMT" time="0.067" errors="0">
  <testcase name="getTitle" time="0.067" classname="testcases.LoginTest"/>
</testsuite> <!-- testcases.LoginTest -->
