<?xml version="1.0" encoding="UTF-8"?>
<!-- Generated by org.testng.reporters.JUnitReportReporter -->
<testsuite skipped="0" hostname="DESKTOP-3SL4LUB" name="testcases.BankManagerLoginTest" tests="1" failures="0" timestamp="15 Jul 2018 05:46:15 GMT" time="0.265" errors="0">
  <testcase name="loginAsBankManager" time="0.265" classname="testcases.BankManagerLoginTest"/>
</testsuite> <!-- testcases.BankManagerLoginTest -->
