<?xml version="1.0" encoding="UTF-8"?>
<!-- Generated by org.testng.reporters.JUnitReportReporter -->
<testsuite skipped="7" hostname="mkrishnan" name="com.avlview.app.testcases.LoginPageTest" tests="8" failures="0" timestamp="12 Nov 2018 05:39:34 GMT" time="31.456" errors="0">
  <testcase name="loginclick" time="31.456" classname="com.avlview.app.testcases.LoginPageTest"/>
  <testcase name="validateRemembermeExistTest" classname="com.avlview.app.testcases.LoginPageTest">
    <skipped/>
  </testcase> <!-- validateRemembermeExistTest -->
  <testcase name="validateApplogoExistTest" classname="com.avlview.app.testcases.LoginPageTest">
    <skipped/>
  </testcase> <!-- validateApplogoExistTest -->
  <testcase name="validateLanguageExistTest" classname="com.avlview.app.testcases.LoginPageTest">
    <skipped/>
  </testcase> <!-- validateLanguageExistTest -->
  <testcase name="loginclickWithInvaliduser" classname="com.avlview.app.testcases.LoginPageTest">
    <skipped/>
  </testcase> <!-- loginclickWithInvaliduser -->
  <testcase name="validateLoginPageExistTest" classname="com.avlview.app.testcases.LoginPageTest">
    <skipped/>
  </testcase> <!-- validateLoginPageExistTest -->
  <testcase name="forgotpasswordclick" classname="com.avlview.app.testcases.LoginPageTest">
    <skipped/>
  </testcase> <!-- forgotpasswordclick -->
  <testcase name="validateClientLogoExistTest" classname="com.avlview.app.testcases.LoginPageTest">
    <skipped/>
  </testcase> <!-- validateClientLogoExistTest -->
</testsuite> <!-- com.avlview.app.testcases.LoginPageTest -->
