<?xml version="1.0" encoding="UTF-8"?>
<!-- Generated by org.testng.reporters.JUnitReportReporter -->
<testsuite skipped="2" hostname="mkrishnan" name="com.avlview.app.testcases.TaxListPageTest" tests="5" failures="0" timestamp="21 Dec 2018 07:56:29 GMT" time="92.285" errors="0">
  <testcase name="validateTaxpageExistTest" time="20.639" classname="com.avlview.app.testcases.TaxListPageTest"/>
  <testcase name="validateAddTaxExistTest" time="21.676" classname="com.avlview.app.testcases.TaxListPageTest"/>
  <testcase name="validateAddTaxTemplateExistTest" time="27.904" classname="com.avlview.app.testcases.TaxListPageTest">
    <skipped/>
  </testcase> <!-- validateAddTaxTemplateExistTest -->
  <testcase name="validateBackButtonTest" time="22.066" classname="com.avlview.app.testcases.TaxListPageTest"/>
  <testcase name="validateEditTest" classname="com.avlview.app.testcases.TaxListPageTest">
    <skipped/>
  </testcase> <!-- validateEditTest -->
</testsuite> <!-- com.avlview.app.testcases.TaxListPageTest -->
