<?xml version="1.0" encoding="UTF-8"?>
<!-- Generated by org.testng.reporters.JUnitReportReporter -->
<testsuite skipped="5" hostname="mkrishnan" name="com.avlview.app.testcases.ClientsPageTest" tests="6" failures="0" timestamp="12 Nov 2018 06:23:38 GMT" time="31.078" errors="0">
  <testcase name="validateTotalTabsTest" time="31.078" classname="com.avlview.app.testcases.ClientsPageTest"/>
  <testcase name="validateSearchExistTest" classname="com.avlview.app.testcases.ClientsPageTest">
    <skipped/>
  </testcase> <!-- validateSearchExistTest -->
  <testcase name="validatePartnerLogoExistTest" classname="com.avlview.app.testcases.ClientsPageTest">
    <skipped/>
  </testcase> <!-- validatePartnerLogoExistTest -->
  <testcase name="validateSearchResultTest" classname="com.avlview.app.testcases.ClientsPageTest">
    <skipped/>
  </testcase> <!-- validateSearchResultTest -->
  <testcase name="validateclientpageExistTest" classname="com.avlview.app.testcases.ClientsPageTest">
    <skipped/>
  </testcase> <!-- validateclientpageExistTest -->
  <testcase name="validateAddclientExistTest" classname="com.avlview.app.testcases.ClientsPageTest">
    <skipped/>
  </testcase> <!-- validateAddclientExistTest -->
</testsuite> <!-- com.avlview.app.testcases.ClientsPageTest -->
