<?xml version="1.0" encoding="UTF-8"?>
<!-- Generated by org.testng.reporters.JUnitReportReporter -->
<testsuite skipped="7" hostname="DESKTOP-8607IQM" name="com.avlview.app.testcases.LoginPageTest" tests="8" failures="0" timestamp="26 Nov 2018 16:45:52 GMT" time="41.067" errors="0">
  <testcase name="validateLoginPageExistTest" time="41.067" classname="com.avlview.app.testcases.LoginPageTest"/>
  <testcase name="validateRemembermeExistTest" classname="com.avlview.app.testcases.LoginPageTest">
    <skipped/>
  </testcase> <!-- validateRemembermeExistTest -->
  <testcase name="validateApplogoExistTest" classname="com.avlview.app.testcases.LoginPageTest">
    <skipped/>
  </testcase> <!-- validateApplogoExistTest -->
  <testcase name="validateLanguageExistTest" classname="com.avlview.app.testcases.LoginPageTest">
    <skipped/>
  </testcase> <!-- validateLanguageExistTest -->
  <testcase name="loginclickWithInvaliduser" classname="com.avlview.app.testcases.LoginPageTest">
    <skipped/>
  </testcase> <!-- loginclickWithInvaliduser -->
  <testcase name="forgotpasswordclick" classname="com.avlview.app.testcases.LoginPageTest">
    <skipped/>
  </testcase> <!-- forgotpasswordclick -->
  <testcase name="loginclick" classname="com.avlview.app.testcases.LoginPageTest">
    <skipped/>
  </testcase> <!-- loginclick -->
  <testcase name="validateClientLogoExistTest" classname="com.avlview.app.testcases.LoginPageTest">
    <skipped/>
  </testcase> <!-- validateClientLogoExistTest -->
</testsuite> <!-- com.avlview.app.testcases.LoginPageTest -->
