<?xml version="1.0" encoding="UTF-8"?>
<!-- Generated by org.testng.reporters.JUnitReportReporter -->
<testsuite skipped="1" hostname="mkrishnan" name="com.avlview.app.testcases.ProductListPageTest" tests="6" failures="0" timestamp="15 Dec 2018 07:04:30 GMT" time="149.662" errors="0">
  <testcase name="validateProductpageExistTest" time="21.584" classname="com.avlview.app.testcases.ProductListPageTest"/>
  <testcase name="validateAddProductExistTest" time="20.684" classname="com.avlview.app.testcases.ProductListPageTest"/>
  <testcase name="validateAddProductTemplateExistTest" time="22.167" classname="com.avlview.app.testcases.ProductListPageTest">
    <skipped/>
  </testcase> <!-- validateAddProductTemplateExistTest -->
  <testcase name="validateBackButtonTest" time="21.463" classname="com.avlview.app.testcases.ProductListPageTest"/>
  <testcase name="validateAddProduct" time="20.548" classname="com.avlview.app.testcases.ProductListPageTest"/>
  <testcase name="validateSearchExistTest" time="43.216" classname="com.avlview.app.testcases.ProductListPageTest"/>
</testsuite> <!-- com.avlview.app.testcases.ProductListPageTest -->
