<?xml version="1.0" encoding="UTF-8"?>
<!-- Generated by org.testng.reporters.JUnitReportReporter -->
<testsuite skipped="6" hostname="mkrishnan" name="com.avlview.app.testcases.AddClientPageTest" tests="12" failures="0" timestamp="30 Nov 2018 07:43:03 GMT" time="193.416" errors="0">
  <testcase name="items25Test" time="31.907" classname="com.avlview.app.testcases.AddClientPageTest"/>
  <testcase name="items50Test" time="27.926" classname="com.avlview.app.testcases.AddClientPageTest"/>
  <testcase name="items100Test" time="38.569" classname="com.avlview.app.testcases.AddClientPageTest"/>
  <testcase name="PaginationTestfor25Items" time="32.273" classname="com.avlview.app.testcases.AddClientPageTest"/>
  <testcase name="PaginationTestfor50Items" time="32.751" classname="com.avlview.app.testcases.AddClientPageTest"/>
  <testcase name="PaginationTestfor100Items" time="29.990" classname="com.avlview.app.testcases.AddClientPageTest"/>
  <testcase name="SearchAddedClientTest" classname="com.avlview.app.testcases.AddClientPageTest">
    <skipped/>
  </testcase> <!-- SearchAddedClientTest -->
  <testcase name="TemplateTest" classname="com.avlview.app.testcases.AddClientPageTest">
    <skipped/>
  </testcase> <!-- TemplateTest -->
  <testcase name="deActivateClientTest" classname="com.avlview.app.testcases.AddClientPageTest">
    <skipped/>
  </testcase> <!-- deActivateClientTest -->
  <testcase name="AddclientTest" classname="com.avlview.app.testcases.AddClientPageTest">
    <skipped/>
  </testcase> <!-- AddclientTest -->
  <testcase name="ClickAddClientTest" classname="com.avlview.app.testcases.AddClientPageTest">
    <skipped/>
  </testcase> <!-- ClickAddClientTest -->
  <testcase name="deactivateSearchTest" classname="com.avlview.app.testcases.AddClientPageTest">
    <skipped/>
  </testcase> <!-- deactivateSearchTest -->
</testsuite> <!-- com.avlview.app.testcases.AddClientPageTest -->
