<?xml version="1.0" encoding="UTF-8"?>
<!-- Generated by org.testng.reporters.JUnitReportReporter -->
<testsuite skipped="3" hostname="mkrishnan" name="com.avlview.app.testcases.AddTaxTest" tests="4" failures="0" timestamp="10 Dec 2018 05:56:17 GMT" time="47.179" errors="0">
  <testcase name="validateBackButtonTest" time="47.179" classname="com.avlview.app.testcases.AddTaxTest"/>
  <testcase name="validateAddTaxExistTest" classname="com.avlview.app.testcases.AddTaxTest">
    <skipped/>
  </testcase> <!-- validateAddTaxExistTest -->
  <testcase name="validateAddTaxTemplateExistTest" classname="com.avlview.app.testcases.AddTaxTest">
    <skipped/>
  </testcase> <!-- validateAddTaxTemplateExistTest -->
  <testcase name="validateTaxpageExistTest" classname="com.avlview.app.testcases.AddTaxTest">
    <skipped/>
  </testcase> <!-- validateTaxpageExistTest -->
</testsuite> <!-- com.avlview.app.testcases.AddTaxTest -->
