<?xml version="1.0" encoding="UTF-8"?>
<!-- Generated by org.testng.reporters.JUnitReportReporter -->
<testsuite skipped="0" hostname="mkrishnan" name="com.avlview.app.testcases.test1" tests="1" failures="0" timestamp="18 Dec 2018 09:57:00 GMT" time="11.741" errors="0">
  <testcase name="verifyGooglePageTittle" time="11.741" classname="com.avlview.app.testcases.test1"/>
</testsuite> <!-- com.avlview.app.testcases.test1 -->
