<?xml version="1.0" encoding="UTF-8"?>
<!-- Generated by org.testng.reporters.JUnitReportReporter -->
<testsuite skipped="7" hostname="mkrishnan" name="com.avlview.app.testcases.AddTaxPageTest" tests="9" failures="1" timestamp="12 Dec 2018 05:09:49 GMT" time="52.011" errors="0">
  <testcase name="validateAddTax" time="25.509" classname="com.avlview.app.testcases.AddTaxPageTest"/>
  <testcase name="validateEditTax" time="26.502" classname="com.avlview.app.testcases.AddTaxPageTest">
    <failure type="java.lang.AssertionError" message="expected [Changes made to the product have been saved.] but found [You just added a new tax type.]">
      <![CDATA[java.lang.AssertionError: expected [Changes made to the product have been saved.] but found [You just added a new tax type.]
at org.testng.Assert.fail(Assert.java:96)
at org.testng.Assert.failNotEquals(Assert.java:776)
at org.testng.Assert.assertEqualsImpl(Assert.java:137)
at org.testng.Assert.assertEquals(Assert.java:118)
at org.testng.Assert.assertEquals(Assert.java:453)
at org.testng.Assert.assertEquals(Assert.java:463)
at com.avlview.app.testcases.AddTaxPageTest.validateEditTax(AddTaxPageTest.java:112)
at sun.reflect.NativeMethodAccessorImpl.invoke0(Native Method)
at sun.reflect.NativeMethodAccessorImpl.invoke(NativeMethodAccessorImpl.java:62)
at sun.reflect.DelegatingMethodAccessorImpl.invoke(DelegatingMethodAccessorImpl.java:43)
at java.lang.reflect.Method.invoke(Method.java:498)
at org.testng.internal.MethodInvocationHelper.invokeMethod(MethodInvocationHelper.java:124)
at org.testng.internal.Invoker.invokeMethod(Invoker.java:580)
at org.testng.internal.Invoker.invokeTestMethod(Invoker.java:716)
at org.testng.internal.Invoker.invokeTestMethods(Invoker.java:988)
at org.testng.internal.TestMethodWorker.invokeTestMethods(TestMethodWorker.java:125)
at org.testng.internal.TestMethodWorker.run(TestMethodWorker.java:109)
at org.testng.TestRunner.privateRun(TestRunner.java:648)
at org.testng.TestRunner.run(TestRunner.java:505)
at org.testng.SuiteRunner.runTest(SuiteRunner.java:455)
at org.testng.SuiteRunner.runSequentially(SuiteRunner.java:450)
at org.testng.SuiteRunner.privateRun(SuiteRunner.java:415)
at org.testng.SuiteRunner.run(SuiteRunner.java:364)
at org.testng.SuiteRunnerWorker.runSuite(SuiteRunnerWorker.java:52)
at org.testng.SuiteRunnerWorker.run(SuiteRunnerWorker.java:84)
at org.testng.TestNG.runSuitesSequentially(TestNG.java:1208)
at org.testng.TestNG.runSuitesLocally(TestNG.java:1137)
at org.testng.TestNG.runSuites(TestNG.java:1049)
at org.testng.TestNG.run(TestNG.java:1017)
at org.testng.remote.AbstractRemoteTestNG.run(AbstractRemoteTestNG.java:114)
at org.testng.remote.RemoteTestNG.initAndRun(RemoteTestNG.java:251)
at org.testng.remote.RemoteTestNG.main(RemoteTestNG.java:77)
]]>
    </failure>
  </testcase> <!-- validateEditTax -->
  <testcase name="validateEmptyTaxamountEdit" classname="com.avlview.app.testcases.AddTaxPageTest">
    <skipped/>
  </testcase> <!-- validateEmptyTaxamountEdit -->
  <testcase name="validateEmptyTaxdesc" classname="com.avlview.app.testcases.AddTaxPageTest">
    <skipped/>
  </testcase> <!-- validateEmptyTaxdesc -->
  <testcase name="validateDeleteTax" classname="com.avlview.app.testcases.AddTaxPageTest">
    <skipped/>
  </testcase> <!-- validateDeleteTax -->
  <testcase name="validateEmptyTaxamount" classname="com.avlview.app.testcases.AddTaxPageTest">
    <skipped/>
  </testcase> <!-- validateEmptyTaxamount -->
  <testcase name="validateEmptyTaxdescEdit" classname="com.avlview.app.testcases.AddTaxPageTest">
    <skipped/>
  </testcase> <!-- validateEmptyTaxdescEdit -->
  <testcase name="validateAddTax" classname="com.avlview.app.testcases.AddTaxPageTest">
    <skipped/>
  </testcase> <!-- validateAddTax -->
  <testcase name="validateUpdatepopupTest" classname="com.avlview.app.testcases.AddTaxPageTest">
    <skipped/>
  </testcase> <!-- validateUpdatepopupTest -->
</testsuite> <!-- com.avlview.app.testcases.AddTaxPageTest -->
