<?xml version="1.0" encoding="UTF-8"?>
<!-- Generated by org.testng.reporters.JUnitReportReporter -->
<testsuite skipped="1" hostname="mkrishnan" name="com.avlview.app.testcases.ForgotPasswordPageTest" tests="8" failures="0" timestamp="17 Dec 2018 09:58:07 GMT" time="131.097" errors="0">
  <testcase name="validateForgotPasswordPageExistTest" time="17.871" classname="com.avlview.app.testcases.ForgotPasswordPageTest"/>
  <testcase name="validateClientLogoExistTest" time="12.399" classname="com.avlview.app.testcases.ForgotPasswordPageTest"/>
  <testcase name="validateApplogoExistTest" time="17.346" classname="com.avlview.app.testcases.ForgotPasswordPageTest"/>
  <testcase name="validateBacktoLoginExistTest" time="18.368" classname="com.avlview.app.testcases.ForgotPasswordPageTest"/>
  <testcase name="validateBacktoLoginClickTest" time="21.193" classname="com.avlview.app.testcases.ForgotPasswordPageTest"/>
  <testcase name="validateInvaliduserClickTest" time="24.265" classname="com.avlview.app.testcases.ForgotPasswordPageTest"/>
  <testcase name="validateValiduserClickTest" time="19.655" classname="com.avlview.app.testcases.ForgotPasswordPageTest"/>
  <testcase name="validateNouserClickTest" classname="com.avlview.app.testcases.ForgotPasswordPageTest">
    <skipped/>
  </testcase> <!-- validateNouserClickTest -->
</testsuite> <!-- com.avlview.app.testcases.ForgotPasswordPageTest -->
