<?xml version="1.0" encoding="UTF-8"?>
<!-- Generated by org.testng.reporters.JUnitReportReporter -->
<testsuite skipped="0" hostname="mkrishnan" name="rough.test1" tests="1" failures="0" timestamp="18 Dec 2018 10:26:36 GMT" time="3.858" errors="0">
  <testcase name="verifyGooglePageTittle" time="3.858" classname="rough.test1"/>
</testsuite> <!-- rough.test1 -->
