<?xml version="1.0" encoding="UTF-8"?>
<!-- Generated by org.testng.reporters.JUnitReportReporter -->
<testsuite skipped="8" hostname="mkrishnan" name="com.avlview.app.testcases.TaxListPageTest" tests="10" failures="0" timestamp="11 Dec 2018 06:26:44 GMT" time="51.967" errors="0">
  <testcase name="validateAddTax" time="26.053" classname="com.avlview.app.testcases.TaxListPageTest"/>
  <testcase name="validateDeleteTax" time="25.914" classname="com.avlview.app.testcases.TaxListPageTest"/>
  <testcase name="validateAddTax1" classname="com.avlview.app.testcases.TaxListPageTest">
    <skipped/>
  </testcase> <!-- validateAddTax1 -->
  <testcase name="validateBackButtonTest" classname="com.avlview.app.testcases.TaxListPageTest">
    <skipped/>
  </testcase> <!-- validateBackButtonTest -->
  <testcase name="validateEditTest" classname="com.avlview.app.testcases.TaxListPageTest">
    <skipped/>
  </testcase> <!-- validateEditTest -->
  <testcase name="validateEmptyTaxamount" classname="com.avlview.app.testcases.TaxListPageTest">
    <skipped/>
  </testcase> <!-- validateEmptyTaxamount -->
  <testcase name="validateAddTaxExistTest" classname="com.avlview.app.testcases.TaxListPageTest">
    <skipped/>
  </testcase> <!-- validateAddTaxExistTest -->
  <testcase name="validateAddTaxTemplateExistTest" classname="com.avlview.app.testcases.TaxListPageTest">
    <skipped/>
  </testcase> <!-- validateAddTaxTemplateExistTest -->
  <testcase name="validateTaxpageExistTest" classname="com.avlview.app.testcases.TaxListPageTest">
    <skipped/>
  </testcase> <!-- validateTaxpageExistTest -->
  <testcase name="validateEmptyTaxdesc" classname="com.avlview.app.testcases.TaxListPageTest">
    <skipped/>
  </testcase> <!-- validateEmptyTaxdesc -->
</testsuite> <!-- com.avlview.app.testcases.TaxListPageTest -->
