<?xml version="1.0" encoding="UTF-8"?>
<!-- Generated by org.testng.reporters.JUnitReportReporter -->
<testsuite skipped="1" hostname="mkrishnan" name="com.avlview.app.testcases.DeviceListPageTest" tests="6" failures="0" timestamp="12 Dec 2018 05:14:03 GMT" time="134.244" errors="0">
  <testcase name="validateDevicepageExistTest" time="24.375" classname="com.avlview.app.testcases.DeviceListPageTest"/>
  <testcase name="validateAddDeviceExistTest" time="21.886" classname="com.avlview.app.testcases.DeviceListPageTest"/>
  <testcase name="validateAddDeviceTemplateExistTest" time="24.132" classname="com.avlview.app.testcases.DeviceListPageTest">
    <skipped/>
  </testcase> <!-- validateAddDeviceTemplateExistTest -->
  <testcase name="validateBackButtonTest" time="22.048" classname="com.avlview.app.testcases.DeviceListPageTest"/>
  <testcase name="validateAddDevice" time="21.249" classname="com.avlview.app.testcases.DeviceListPageTest"/>
  <testcase name="validateSearchExistTest" time="20.554" classname="com.avlview.app.testcases.DeviceListPageTest"/>
</testsuite> <!-- com.avlview.app.testcases.DeviceListPageTest -->
