<?xml version="1.0" encoding="UTF-8"?>
<!-- Generated by org.testng.reporters.JUnitReportReporter -->
<testsuite skipped="0" hostname="mkrishnan" name="com.avlview.app.testcases.AddTaxTest" tests="1" failures="0" timestamp="07 Dec 2018 10:56:50 GMT" time="22.630" errors="0">
  <testcase name="validateTaxpageExistTest" time="22.630" classname="com.avlview.app.testcases.AddTaxTest"/>
</testsuite> <!-- com.avlview.app.testcases.AddTaxTest -->
