<?xml version="1.0" encoding="UTF-8"?>
<!-- Generated by org.testng.reporters.JUnitReportReporter -->
<testsuite skipped="0" hostname="mkrishnan" name="com.avlview.app.testcases.LoginPageTest" tests="8" failures="0" timestamp="17 Dec 2018 09:58:07 GMT" time="108.919" errors="0">
  <testcase name="validateLoginPageExistTest" time="13.242" classname="com.avlview.app.testcases.LoginPageTest"/>
  <testcase name="validateClientLogoExistTest" time="13.035" classname="com.avlview.app.testcases.LoginPageTest"/>
  <testcase name="validateApplogoExistTest" time="11.675" classname="com.avlview.app.testcases.LoginPageTest"/>
  <testcase name="validateRemembermeExistTest" time="11.720" classname="com.avlview.app.testcases.LoginPageTest"/>
  <testcase name="validateLanguageExistTest" time="11.493" classname="com.avlview.app.testcases.LoginPageTest"/>
  <testcase name="forgotpasswordclick" time="17.401" classname="com.avlview.app.testcases.LoginPageTest"/>
  <testcase name="loginclickWithInvaliduser" time="12.310" classname="com.avlview.app.testcases.LoginPageTest"/>
  <testcase name="loginclick" time="18.043" classname="com.avlview.app.testcases.LoginPageTest"/>
</testsuite> <!-- com.avlview.app.testcases.LoginPageTest -->
