<?xml version="1.0" encoding="UTF-8"?>
<!-- Generated by org.testng.reporters.JUnitReportReporter -->
<testsuite skipped="1" hostname="mkrishnan" name="com.avlview.app.testcases.ForgotPasswordPageTest" tests="8" failures="0" timestamp="27 Nov 2018 06:02:09 GMT" time="130.004" errors="0">
  <testcase name="validateForgotPasswordPageExistTest" time="20.385" classname="com.avlview.app.testcases.ForgotPasswordPageTest"/>
  <testcase name="validateClientLogoExistTest" time="12.664" classname="com.avlview.app.testcases.ForgotPasswordPageTest"/>
  <testcase name="validateApplogoExistTest" time="12.048" classname="com.avlview.app.testcases.ForgotPasswordPageTest"/>
  <testcase name="validateBacktoLoginExistTest" time="17.065" classname="com.avlview.app.testcases.ForgotPasswordPageTest"/>
  <testcase name="validateBacktoLoginClickTest" time="24.337" classname="com.avlview.app.testcases.ForgotPasswordPageTest"/>
  <testcase name="validateInvaliduserClickTest" time="23.310" classname="com.avlview.app.testcases.ForgotPasswordPageTest"/>
  <testcase name="validateValiduserClickTest" time="20.195" classname="com.avlview.app.testcases.ForgotPasswordPageTest"/>
  <testcase name="validateNouserClickTest" classname="com.avlview.app.testcases.ForgotPasswordPageTest">
    <skipped/>
  </testcase> <!-- validateNouserClickTest -->
</testsuite> <!-- com.avlview.app.testcases.ForgotPasswordPageTest -->
