<?xml version="1.0" encoding="UTF-8"?>
<!-- Generated by org.testng.reporters.JUnitReportReporter -->
<testsuite skipped="0" hostname="mkrishnan" name="com.avlview.app.testcases.LoginPageTest" tests="8" failures="0" timestamp="27 Nov 2018 05:52:31 GMT" time="132.927" errors="0">
  <testcase name="validateLoginPageExistTest" time="11.547" classname="com.avlview.app.testcases.LoginPageTest"/>
  <testcase name="validateClientLogoExistTest" time="14.551" classname="com.avlview.app.testcases.LoginPageTest"/>
  <testcase name="validateApplogoExistTest" time="12.073" classname="com.avlview.app.testcases.LoginPageTest"/>
  <testcase name="validateRemembermeExistTest" time="12.567" classname="com.avlview.app.testcases.LoginPageTest"/>
  <testcase name="validateLanguageExistTest" time="12.384" classname="com.avlview.app.testcases.LoginPageTest"/>
  <testcase name="forgotpasswordclick" time="30.965" classname="com.avlview.app.testcases.LoginPageTest"/>
  <testcase name="loginclickWithInvaliduser" time="14.118" classname="com.avlview.app.testcases.LoginPageTest"/>
  <testcase name="loginclick" time="24.722" classname="com.avlview.app.testcases.LoginPageTest"/>
</testsuite> <!-- com.avlview.app.testcases.LoginPageTest -->
