<?xml version="1.0" encoding="UTF-8"?>
<!-- Generated by org.testng.reporters.JUnitReportReporter -->
<testsuite skipped="3" hostname="mkrishnan" name="com.avlview.app.testcases.UpdateDevicePageTest" tests="4" failures="0" timestamp="13 Dec 2018 10:29:38 GMT" time="26.329" errors="0">
  <testcase name="validateUpdatedDeviceTest" time="26.329" classname="com.avlview.app.testcases.UpdateDevicePageTest"/>
  <testcase name="validateIMEIEnableTest" classname="com.avlview.app.testcases.UpdateDevicePageTest">
    <skipped/>
  </testcase> <!-- validateIMEIEnableTest -->
  <testcase name="validateUpdateDeviceTest" classname="com.avlview.app.testcases.UpdateDevicePageTest">
    <skipped/>
  </testcase> <!-- validateUpdateDeviceTest -->
  <testcase name="validateUpdatepopupTest" classname="com.avlview.app.testcases.UpdateDevicePageTest">
    <skipped/>
  </testcase> <!-- validateUpdatepopupTest -->
</testsuite> <!-- com.avlview.app.testcases.UpdateDevicePageTest -->
