<?xml version="1.0" encoding="UTF-8"?>
<!-- Generated by org.testng.reporters.JUnitReportReporter -->
<testsuite skipped="2" hostname="mkrishnan" name="com.avlview.app.testcases.AddProductPageTest" tests="3" failures="0" timestamp="15 Dec 2018 09:33:11 GMT" time="22.486" errors="0">
  <testcase name="validateAddProduct" time="22.486" classname="com.avlview.app.testcases.AddProductPageTest"/>
  <testcase name="AddProductTest" classname="com.avlview.app.testcases.AddProductPageTest">
    <skipped/>
  </testcase> <!-- AddProductTest -->
  <testcase name="SearchAddedProductTest" classname="com.avlview.app.testcases.AddProductPageTest">
    <skipped/>
  </testcase> <!-- SearchAddedProductTest -->
</testsuite> <!-- com.avlview.app.testcases.AddProductPageTest -->
