<?xml version="1.0" encoding="UTF-8"?>
<!-- Generated by org.testng.reporters.JUnitReportReporter -->
<testsuite skipped="0" hostname="mkrishnan" name="com.avlview.app.testcases.AddVehicleTest" tests="1" failures="0" timestamp="30 Nov 2018 09:11:36 GMT" time="40.090" errors="0">
  <testcase name="TemplateTest" time="40.090" classname="com.avlview.app.testcases.AddVehicleTest"/>
</testsuite> <!-- com.avlview.app.testcases.AddVehicleTest -->
