<?xml version="1.0" encoding="UTF-8"?>
<!-- Generated by org.testng.reporters.JUnitReportReporter -->
<testsuite skipped="6" hostname="mkrishnan" name="com.avlview.app.testcases.ForgotPasswordPageTest" tests="8" failures="0" timestamp="12 Nov 2018 07:43:14 GMT" time="70.352" errors="0">
  <testcase name="validateInvaliduserClickTest" time="31.512" classname="com.avlview.app.testcases.ForgotPasswordPageTest"/>
  <testcase name="validateValiduserClickTest" time="38.840" classname="com.avlview.app.testcases.ForgotPasswordPageTest"/>
  <testcase name="validateNouserClickTest" classname="com.avlview.app.testcases.ForgotPasswordPageTest">
    <skipped/>
  </testcase> <!-- validateNouserClickTest -->
  <testcase name="validateClientLogoExistTest" classname="com.avlview.app.testcases.ForgotPasswordPageTest">
    <skipped/>
  </testcase> <!-- validateClientLogoExistTest -->
  <testcase name="validateBacktoLoginClickTest" classname="com.avlview.app.testcases.ForgotPasswordPageTest">
    <skipped/>
  </testcase> <!-- validateBacktoLoginClickTest -->
  <testcase name="validateBacktoLoginExistTest" classname="com.avlview.app.testcases.ForgotPasswordPageTest">
    <skipped/>
  </testcase> <!-- validateBacktoLoginExistTest -->
  <testcase name="validateForgotPasswordPageExistTest" classname="com.avlview.app.testcases.ForgotPasswordPageTest">
    <skipped/>
  </testcase> <!-- validateForgotPasswordPageExistTest -->
  <testcase name="validateApplogoExistTest" classname="com.avlview.app.testcases.ForgotPasswordPageTest">
    <skipped/>
  </testcase> <!-- validateApplogoExistTest -->
</testsuite> <!-- com.avlview.app.testcases.ForgotPasswordPageTest -->
