<?xml version="1.0" encoding="UTF-8"?>
<!-- Generated by org.testng.reporters.JUnitReportReporter -->
<testsuite skipped="0" hostname="mkrishnan" name="com.avlview.app.testcases.ForgotPasswordPageTest" tests="8" failures="0" timestamp="21 Dec 2018 07:56:29 GMT" time="172.035" errors="0">
  <testcase name="validateForgotPasswordPageExistTest" time="36.207" classname="com.avlview.app.testcases.ForgotPasswordPageTest"/>
  <testcase name="validateClientLogoExistTest" time="15.100" classname="com.avlview.app.testcases.ForgotPasswordPageTest"/>
  <testcase name="validateApplogoExistTest" time="12.635" classname="com.avlview.app.testcases.ForgotPasswordPageTest"/>
  <testcase name="validateBacktoLoginExistTest" time="26.224" classname="com.avlview.app.testcases.ForgotPasswordPageTest"/>
  <testcase name="validateBacktoLoginClickTest" time="17.430" classname="com.avlview.app.testcases.ForgotPasswordPageTest"/>
  <testcase name="validateNouserClickTest" time="21.969" classname="com.avlview.app.testcases.ForgotPasswordPageTest"/>
  <testcase name="validateInvaliduserClickTest" time="20.242" classname="com.avlview.app.testcases.ForgotPasswordPageTest"/>
  <testcase name="validateValiduserClickTest" time="22.228" classname="com.avlview.app.testcases.ForgotPasswordPageTest"/>
</testsuite> <!-- com.avlview.app.testcases.ForgotPasswordPageTest -->
