<?xml version="1.0" encoding="UTF-8"?>
<!-- Generated by org.testng.reporters.JUnitReportReporter -->
<testsuite skipped="0" hostname="mkrishnan" name="rough.annotation" tests="2" failures="0" timestamp="29 Nov 2018 06:54:44 GMT" time="0.016" errors="0">
  <testcase name="testCase1" time="0.016" classname="rough.annotation"/>
  <testcase name="testCase2" time="0.000" classname="rough.annotation"/>
</testsuite> <!-- rough.annotation -->
