<?xml version="1.0" encoding="UTF-8"?>
<!-- Generated by org.testng.reporters.JUnitReportReporter -->
<testsuite skipped="0" hostname="mkrishnan" name="com.avlview.app.testcases.LoginPageTest" tests="8" failures="0" timestamp="21 Dec 2018 07:56:29 GMT" time="131.906" errors="0">
  <testcase name="validateLoginPageExistTest" time="11.995" classname="com.avlview.app.testcases.LoginPageTest"/>
  <testcase name="validateClientLogoExistTest" time="31.145" classname="com.avlview.app.testcases.LoginPageTest"/>
  <testcase name="validateApplogoExistTest" time="12.189" classname="com.avlview.app.testcases.LoginPageTest"/>
  <testcase name="validateRemembermeExistTest" time="11.808" classname="com.avlview.app.testcases.LoginPageTest"/>
  <testcase name="validateLanguageExistTest" time="12.230" classname="com.avlview.app.testcases.LoginPageTest"/>
  <testcase name="forgotpasswordclick" time="19.595" classname="com.avlview.app.testcases.LoginPageTest"/>
  <testcase name="loginclickWithInvaliduser" time="13.287" classname="com.avlview.app.testcases.LoginPageTest"/>
  <testcase name="loginclick" time="19.657" classname="com.avlview.app.testcases.LoginPageTest"/>
</testsuite> <!-- com.avlview.app.testcases.LoginPageTest -->
